Platanus version: 1.2.4
platanus assemble -o Poil -t 2 -m 16 -f R1_paired.fastq.trimmed R2_paired.fastq.trimmed 

K = 32, saving kmers from reads...
AVE_READ_LEN=97.5792

KMER_EXTENSION:
K=32, KMER_COVERAGE=159.92 (>= 31), COVERAGE_CUTOFF=31
K=42, KMER_COVERAGE=135.901, COVERAGE_CUTOFF=31, PROB_SPLIT=10e-inf
K=52, KMER_COVERAGE=111.881, COVERAGE_CUTOFF=31, PROB_SPLIT=10e-inf
K=62, KMER_COVERAGE=87.8616, COVERAGE_CUTOFF=31, PROB_SPLIT=10e-11.0484
K=72, KMER_COVERAGE=63.8421, COVERAGE_CUTOFF=18, PROB_SPLIT=10e-10.4178
K=82, KMER_COVERAGE=39.8226, COVERAGE_CUTOFF=6, PROB_SPLIT=10e-10.2753
K=86, KMER_COVERAGE=30.2147, COVERAGE_CUTOFF=2, PROB_SPLIT=10e-10.9288
K=87, KMER_COVERAGE=27.8128, COVERAGE_CUTOFF=2, PROB_SPLIT=10e-10.3183
loading kmers...
connecting kmers...
removing branches...
BRANCH_DELETE_THRESHOLD=0.5
NUM_CUT=76
NUM_CUT=0
TOTAL_NUM_CUT=76
mapping reads on de Bruijn Graph nodes...
TOTAL_MAPPED_READS=8640788
TOTAL_UNMAPPED_READS=943397
TOTAL_SHORT_READS(<32)=42044
NUM_DELETE_NODE(reads are unmapped)=59
NUM_CUT_NODE=11
extracting reads (containing kmer used in contig assemble)...
K = 42, loading kmers from contigs...
K = 42, saving additional kmers(not found in contigs) from reads...
COVERAGE_CUTOFF = 31
loading kmers...
connecting kmers...
removing branches...
BRANCH_DELETE_THRESHOLD=0.5
NUM_CUT=10
NUM_CUT=0
TOTAL_NUM_CUT=10
mapping reads on de Bruijn Graph nodes...
TOTAL_MAPPED_READS=8587181
TOTAL_UNMAPPED_READS=935081
TOTAL_SHORT_READS(<42)=103967
NUM_DELETE_NODE(reads are unmapped)=15
NUM_CUT_NODE=7
extracting reads (containing kmer used in contig assemble)...
K = 52, loading kmers from contigs...
K = 52, saving additional kmers(not found in contigs) from reads...
COVERAGE_CUTOFF = 31
loading kmers...
connecting kmers...
removing branches...
BRANCH_DELETE_THRESHOLD=0.5
NUM_CUT=10
NUM_CUT=0
TOTAL_NUM_CUT=10
mapping reads on de Bruijn Graph nodes...
TOTAL_MAPPED_READS=8527914
TOTAL_UNMAPPED_READS=924597
TOTAL_SHORT_READS(<52)=173718
NUM_DELETE_NODE(reads are unmapped)=7
NUM_CUT_NODE=7
extracting reads (containing kmer used in contig assemble)...
K = 62, loading kmers from contigs...
K = 62, saving additional kmers(not found in contigs) from reads...
COVERAGE_CUTOFF = 31
loading kmers...
connecting kmers...
removing branches...
BRANCH_DELETE_THRESHOLD=0.5
NUM_CUT=10
NUM_CUT=0
TOTAL_NUM_CUT=10
mapping reads on de Bruijn Graph nodes...
TOTAL_MAPPED_READS=8457674
TOTAL_UNMAPPED_READS=908286
TOTAL_SHORT_READS(<62)=260269
NUM_DELETE_NODE(reads are unmapped)=5
NUM_CUT_NODE=6
extracting reads (containing kmer used in contig assemble)...
K = 72, loading kmers from contigs...
K = 72, saving additional kmers(not found in contigs) from reads...
COVERAGE_CUTOFF = 18
loading kmers...
connecting kmers...
removing branches...
BRANCH_DELETE_THRESHOLD=0.5
NUM_CUT=19
NUM_CUT=0
TOTAL_NUM_CUT=19
mapping reads on de Bruijn Graph nodes...
TOTAL_MAPPED_READS=8359727
TOTAL_UNMAPPED_READS=883738
TOTAL_SHORT_READS(<72)=382764
NUM_DELETE_NODE(reads are unmapped)=14
NUM_CUT_NODE=6
extracting reads (containing kmer used in contig assemble)...
K = 82, loading kmers from contigs...
K = 82, saving additional kmers(not found in contigs) from reads...
COVERAGE_CUTOFF = 6
loading kmers...
connecting kmers...
removing branches...
BRANCH_DELETE_THRESHOLD=0.5
NUM_CUT=74
NUM_CUT=0
TOTAL_NUM_CUT=74
mapping reads on de Bruijn Graph nodes...
TOTAL_MAPPED_READS=8211477
TOTAL_UNMAPPED_READS=844291
TOTAL_SHORT_READS(<82)=570461
NUM_DELETE_NODE(reads are unmapped)=20
NUM_CUT_NODE=18
extracting reads (containing kmer used in contig assemble)...
K = 86, loading kmers from contigs...
K = 86, saving additional kmers(not found in contigs) from reads...
COVERAGE_CUTOFF = 2
loading kmers...
connecting kmers...
removing branches...
BRANCH_DELETE_THRESHOLD=0.5
NUM_CUT=222
NUM_CUT=0
TOTAL_NUM_CUT=222
mapping reads on de Bruijn Graph nodes...
TOTAL_MAPPED_READS=8122453
TOTAL_UNMAPPED_READS=821240
TOTAL_SHORT_READS(<86)=682536
NUM_DELETE_NODE(reads are unmapped)=31
NUM_CUT_NODE=39
extracting reads (containing kmer used in contig assemble)...
K = 87, loading kmers from contigs...
K = 87, saving additional kmers(not found in contigs) from reads...
COVERAGE_CUTOFF = 2
loading kmers...
connecting kmers...
removing branches...
BRANCH_DELETE_THRESHOLD=0.5
NUM_CUT=129
NUM_CUT=0
TOTAL_NUM_CUT=129
LENGTH_CUTOFF = 174
COVERAGE_CUTOFF = 3
removing erroneous nodes...
NUM_REMOVED_NODES=14
NUM_REMOVED_NODES=3
NUM_REMOVED_NODES=0
TOTAL_NUM_REMOVED_NODES=17
AVE_KMER_COV_REMOVING_BUBBLE=27.7551
removing bubbles...
BUBBLE_IDENTITY_THRESHOLD=0.1
NUM_REMOVED_BUBBLES=0
TOTAL_NUM_REMOVED_BUBBLES=0
mapping reads on de Bruijn Graph nodes...
TOTAL_MAPPED_READS=8095389
TOTAL_UNMAPPED_READS=814687
TOTAL_SHORT_READS(<87)=716153
NUM_DELETE_NODE(reads are unmapped)=0
NUM_CUT_NODE=13
assemble completed!

#### PROCESS INFORMATION ####
VmPeak:          14.269 GByte
VmHWM:            4.649 GByte
