Platanus version: 1.2.4
platanus gap_close -o Poil -t 2 -c Poil_scaffold.fa -IP1 R1_paired.fastq.trimmed R2_paired.fastq.trimmed -OP2 R1_mate.fastq.int_trimmed R2_mate.fastq.int_trimmed 

K=32, making hash table...
[PAIR_LIBRARY 1]
mapping reads...
TOTAL_PAIR = 4813114
MAPPED_IN_SAME_CONTIG = 4558991 (0.947202)
estimating insert-size...
PEAK = 244
LOWER_LIMIT (permissible range to estimate AVE_INS)= 61
UPPER_LIMIT (permissible range to estimate AVE_INS)= 427
AVE_INS = 247
SD_INS = 39
mapping reads that cover small gaps...
[PAIR_LIBRARY 2]
mapping reads...
TOTAL_PAIR = 855840
MAPPED_IN_SAME_CONTIG = 643126 (0.751456)
estimating insert-size...
PEAK = 2485
LOWER_LIMIT (permissible range to estimate AVE_INS)= 621
UPPER_LIMIT (permissible range to estimate AVE_INS)= 4349
AVE_INS = 2899
SD_INS = 794
mapping reads that cover small gaps...
making hash table of gaps...
making consensus sequences to close small gaps...
NUM_GAP=77
NUM_CLOSED_GAP=36
[PAIR_LIBRARY 1]
saving reads covering gaps...
loading reads covering gaps...
assembling localized reads...
NUM_GAPS = 41
NUM_NOT_CLOSED_GAPS (too many reads are mapped comapering to coverage)= 2
NUM_CLOSED_GAPS_USING_DE_BRUIJN = 8
NUM_CLOSED_GAPS_USING_OVERLAP_LAYOUT_CONSENSUS = 1
[PAIR_LIBRARY 2]
saving reads covering gaps...
loading reads covering gaps...
assembling localized reads...
NUM_GAPS = 32
NUM_NOT_CLOSED_GAPS (too many reads are mapped comapering to coverage)= 0
NUM_CLOSED_GAPS_USING_DE_BRUIJN = 18
NUM_CLOSED_GAPS_USING_OVERLAP_LAYOUT_CONSENSUS = 4
[ALL LIBRARY]
assembling localized reads...
NUM_GAPS = 10
NUM_NOT_CLOSED_GAPS (too many reads are mapped comapering to coverage)= 2
NUM_CLOSED_GAPS_USING_DE_BRUIJN = 1
NUM_CLOSED_GAPS_USING_OVERLAP_LAYOUT_CONSENSUS = 0
TOTAL_NUM_CLOSED_GAPS = 68
gap_close completed!!

#### PROCESS INFORMATION ####
VmPeak:           0.397 GByte
VmHWM:            0.290 GByte
